2025-08-26 12:29:34 - INFO - ETL process started: Extraction + Load steps
2025-08-26 12:29:34 - INFO - Connected to Google Sheets successfully.
2025-08-26 12:29:34 - INFO - Connected to PostgreSQL database.
2025-08-26 12:29:34 - INFO - Bronze schema recreated successfully.
2025-08-26 12:29:34 - INFO - Table bronze.customers created successfully.
2025-08-26 12:29:34 - INFO - Table bronze.products created successfully.
2025-08-26 12:29:34 - INFO - Table bronze.orders created successfully.
2025-08-26 12:29:34 - INFO - Table bronze.payments created successfully.
2025-08-26 12:29:34 - INFO - Table bronze.delivery created successfully.
2025-08-26 12:29:34 - INFO - Extracting data from Google Sheet: customers
2025-08-26 12:29:47 - INFO - Data inserted into bronze.customers successfully. Rows: 51999
2025-08-26 12:29:47 - INFO - Extracting data from Google Sheet: products
2025-08-26 12:29:59 - INFO - Data inserted into bronze.products successfully. Rows: 51999
2025-08-26 12:29:59 - INFO - Extracting data from Google Sheet: orders
2025-08-26 12:30:11 - INFO - Data inserted into bronze.orders successfully. Rows: 51999
2025-08-26 12:30:11 - INFO - Extracting data from Google Sheet: payments
2025-08-26 12:30:21 - INFO - Data inserted into bronze.payments successfully. Rows: 51999
2025-08-26 12:30:21 - INFO - Extracting data from Google Sheet: delivery
2025-08-26 12:30:31 - INFO - Data inserted into bronze.delivery successfully. Rows: 51999
2025-08-26 12:30:31 - INFO - All data loaded into PostgreSQL bronze schema successfully!
2025-08-26 12:30:31 - INFO - PostgreSQL connection closed.
